2023-05-26 15:04:57,744 ERROR cms User already exists.
2023-05-26 15:04:57,776 ERROR cms This file has already been uploaded by the user.
2023-05-26 15:04:57,781 ERROR cms This file has already been uploaded by the user.
2023-05-26 15:04:57,788 ERROR cms This file has already been uploaded by the target user.
2023-05-26 15:04:57,789 ERROR cms Content does not exist for this user.
2023-06-22 23:33:11,759 ERROR database Failed to login: FEHLER:  Spalte »email« existiert nicht
LINE 1: SELECT * FROM user WHERE email = 'sdfdsf' AND password = 'f'
                                 ^

2023-06-22 23:38:40,839 ERROR database Failed to login: FEHLER:  Spalte »email« existiert nicht
LINE 1: SELECT * FROM user WHERE email = 'dd' AND password = '1'
                                 ^

2023-06-22 23:38:49,821 ERROR database Failed to create user: FEHLER:  aktuelle Transaktion wurde abgebrochen, Befehle werden bis zum Ende der Transaktion ignoriert

2023-06-22 23:41:32,464 ERROR database User already exists.
2023-06-22 23:41:44,540 ERROR database Login failed.
2023-06-22 23:41:50,667 ERROR database User already exists.
2023-06-23 00:08:39,979 ERROR database Failed to create note: FEHLER:  Einfügen oder Aktualisieren in Tabelle »note_category« verletzt Fremdschlüssel-Constraint »note_category_category_id_fkey«
DETAIL:  Schlüssel (category_id)=(1) ist nicht in Tabelle »category« vorhanden.

2023-06-23 00:08:42,981 ERROR database Failed to get all notes: FEHLER:  aktuelle Transaktion wurde abgebrochen, Befehle werden bis zum Ende der Transaktion ignoriert

2023-06-23 00:15:38,500 ERROR database Failed to create note: FEHLER:  Einfügen oder Aktualisieren in Tabelle »note_category« verletzt Fremdschlüssel-Constraint »note_category_category_id_fkey«
DETAIL:  Schlüssel (category_id)=(1) ist nicht in Tabelle »category« vorhanden.

2023-06-23 00:15:51,133 ERROR database Failed to create category: FEHLER:  aktuelle Transaktion wurde abgebrochen, Befehle werden bis zum Ende der Transaktion ignoriert

2023-06-23 00:18:03,089 ERROR database Failed to create category: FEHLER:  aktuelle Transaktion wurde abgebrochen, Befehle werden bis zum Ende der Transaktion ignoriert

2023-06-23 00:36:06,140 ERROR database Failed to update note: FEHLER:  ungültige Eingabesyntax für Typ integer: »«
LINE 1: ...ERT INTO note_category (note_id, category_id) VALUES (4, '')
                                                                    ^

2023-06-23 00:36:10,454 ERROR database Failed to get all notes: FEHLER:  aktuelle Transaktion wurde abgebrochen, Befehle werden bis zum Ende der Transaktion ignoriert

2023-06-23 00:36:13,129 ERROR database Failed to get all notes: FEHLER:  aktuelle Transaktion wurde abgebrochen, Befehle werden bis zum Ende der Transaktion ignoriert

2023-06-23 00:41:45,007 ERROR database Failed to update note: FEHLER:  ungültige Eingabesyntax für Typ integer: »«
LINE 1: ...ERT INTO note_category (note_id, category_id) VALUES (5, '')
                                                                    ^

2023-06-23 00:41:47,238 ERROR database Failed to get all notes: FEHLER:  aktuelle Transaktion wurde abgebrochen, Befehle werden bis zum Ende der Transaktion ignoriert

2023-06-23 00:41:52,233 ERROR database Failed to get all notes: FEHLER:  aktuelle Transaktion wurde abgebrochen, Befehle werden bis zum Ende der Transaktion ignoriert

2023-06-23 01:24:50,034 ERROR database Failed to get notes in group: FEHLER:  Relation »note_group« existiert nicht
LINE 1: SELECT note.* FROM note INNER JOIN note_group ON note.note_i...
                                           ^

2023-06-23 01:24:55,971 ERROR database Failed to get all groups: FEHLER:  aktuelle Transaktion wurde abgebrochen, Befehle werden bis zum Ende der Transaktion ignoriert

2023-06-23 13:15:31,597 ERROR database Login failed.
2023-06-23 13:15:49,370 ERROR database Login failed.
2023-06-23 13:16:03,697 ERROR database Failed to create note: FEHLER:  Einfügen oder Aktualisieren in Tabelle »note_category« verletzt Fremdschlüssel-Constraint »note_category_category_id_fkey«
DETAIL:  Schlüssel (category_id)=(1) ist nicht in Tabelle »category« vorhanden.

2023-06-23 13:16:25,655 ERROR database Failed to create category: FEHLER:  aktuelle Transaktion wurde abgebrochen, Befehle werden bis zum Ende der Transaktion ignoriert

2023-06-23 13:22:45,439 ERROR database Login failed.
2023-06-23 13:23:03,982 ERROR database Failed to add note to group: FEHLER:  Einfügen oder Aktualisieren in Tabelle »note_group« verletzt Fremdschlüssel-Constraint »note_group_note_id_fkey«
DETAIL:  Schlüssel (note_id)=(1) ist nicht in Tabelle »note« vorhanden.

2023-06-23 13:23:40,795 ERROR database Login failed.
2023-06-23 13:23:43,215 ERROR database Login failed.
2023-06-23 13:23:53,737 ERROR database Failed to add note to group: FEHLER:  Einfügen oder Aktualisieren in Tabelle »note_group« verletzt Fremdschlüssel-Constraint »note_group_note_id_fkey«
DETAIL:  Schlüssel (note_id)=(1) ist nicht in Tabelle »note« vorhanden.

2023-06-23 13:26:04,369 ERROR database Failed to assign category to note: FEHLER:  doppelter Schlüsselwert verletzt Unique-Constraint »note_category_pkey«
DETAIL:  Schlüssel »(note_id, category_id)=(2, 1)« existiert bereits.

2023-06-23 13:26:48,733 ERROR database Login failed.
2023-06-23 13:26:56,399 ERROR database Failed to assign category to note: FEHLER:  doppelter Schlüsselwert verletzt Unique-Constraint »note_category_pkey«
DETAIL:  Schlüssel »(note_id, category_id)=(2, 1)« existiert bereits.

2023-06-23 13:54:07,028 ERROR database Failed to update note: FEHLER:  ungültige Eingabesyntax für Typ integer: »«
LINE 1: ...ERT INTO note_category (note_id, category_id) VALUES (2, '')
                                                                    ^

2023-06-23 13:54:10,106 ERROR database Failed to get all notes: FEHLER:  aktuelle Transaktion wurde abgebrochen, Befehle werden bis zum Ende der Transaktion ignoriert

2023-06-23 13:55:22,004 ERROR database Failed to update note: FEHLER:  ungültige Eingabesyntax für Typ integer: »«
LINE 1: SELECT EXISTS(SELECT 1 FROM category WHERE category_id = '')
                                                                 ^

2023-06-23 13:55:24,242 ERROR database Failed to get all notes: FEHLER:  aktuelle Transaktion wurde abgebrochen, Befehle werden bis zum Ende der Transaktion ignoriert

2023-06-23 13:55:28,059 ERROR database Failed to get all notes: FEHLER:  aktuelle Transaktion wurde abgebrochen, Befehle werden bis zum Ende der Transaktion ignoriert

2023-06-23 13:56:21,955 ERROR database Failed to update note: FEHLER:  ungültige Eingabesyntax für Typ integer: »«
LINE 1: SELECT EXISTS(SELECT 1 FROM category WHERE category_id = '')
                                                                 ^

2023-06-23 13:56:24,833 ERROR database Failed to get all notes: FEHLER:  aktuelle Transaktion wurde abgebrochen, Befehle werden bis zum Ende der Transaktion ignoriert

2023-06-23 13:57:18,458 ERROR database Invalid category ID. Skipping...
2023-06-23 13:57:33,416 ERROR database Invalid category ID. Skipping...
